[    5.939750] NVRM: loading NVIDIA UNIX Open Kernel Module for x86_64  570.66  Release Build  (dvs-builder@U16-I3-D06-4-3)  Tue Dec 10 19:43:37 UTC 2024
[    6.627478] NVRM: nvAssertFailedNoLog: Assertion failed: offset + sizeof(value) <= 0x1000 @ chipset_pcie.c:3049
[    6.627486] NVRM: nvAssertFailedNoLog: Assertion failed: clPcieReadDword() failed! @ chipset_pcie.c:3056
[    6.627493] NVRM: nvAssertFailedNoLog: Assertion failed: offset + sizeof(value) <= 0x1000 @ chipset_pcie.c:3049
[    6.627497] NVRM: nvAssertFailedNoLog: Assertion failed: clPcieReadDword() failed! @ chipset_pcie.c:3056
[   24.222435] NVRM: GPU at PCI:0000:01:00: GPU-7bf6e786-ea11-dee3-2b04-b43af05c9bb8
[   24.222437] NVRM: GPU Board Serial Number: 1334624010097
[   24.222438] NVRM: Xid (PCI:0000:01:00): 31, pid=1177, name=irq/158-nvidia, Ch 00000003, intr 00000000. MMU Fault: ENGINE CE4 HUBCLIENT_CE0 faulted @ 0x1_200f0000. Fault is of type FAULT_RO_VIOLATION ACCESS_TYPE_VIRT_WRITE
[  438.770222] NVRM: Xid (PCI:0000:01:00): 13, pid=1177, name=irq/158-nvidia, Graphics SM Cga Exception on (GPC 0, TPC 0, SM 0): OOR Addr
[  438.770575] NVRM: Xid (PCI:0000:01:00): 13, pid=1177, name=irq/158-nvidia, Graphics Exception: ESR 0x5057b0=0x2a002a 0x5057b4=0x0 0x5057a8=0x1c81fb60 0x5057ac=0x1174
[  438.770578] NVRM: Xid (PCI:0000:01:00): 13, pid=1177, name=irq/158-nvidia, Graphics SM Cga Exception on (GPC 0, TPC 0, SM 1): OOR Addr
[  438.770991] NVRM: Xid (PCI:0000:01:00): 13, pid=1177, name=irq/158-nvidia, Graphics Exception: ESR 0x575730=0x2a002a 0x575734=0x0 0x575728=0x1c81fb60 0x57572c=0x1174
[  438.771017] NVRM: Xid (PCI:0000:01:00): 13, pid=1177, name=irq/158-nvidia, Graphics SM Cga Exception on (GPC 7, TPC 0, SM 0): OOR Addr
[  438.772126] NVRM: Xid (PCI:0000:01:00): 13, pid=1177, name=irq/158-nvidia, Graphics Exception: ChID 0001, Class 0000902d, Offset 00000000, Data 00000000
[  439.423819] NVRM: Xid (PCI:0000:01:00): 62, pid=163412, name=nvidia-smi, 2219af1b 0000b58a 00000000 205b5f02 205b6770 205b6dfa 205b438a 205b3f1e
[  439.432780] NVRM: Xid (PCI:0000:01:00): 154, pid=1184, name=nv_queue, GPU recovery action changed from 0x0 (None) to 0x1 (GPU Reset Required)
[  446.960903] NVRM: krcWatchdog_IMPL: RC watchdog: GPU is probably locked!  Notify Timeout Seconds: 7
[  455.152644] NVRM: krcWatchdog_IMPL: RC watchdog: GPU is probably locked!  Notify Timeout Seconds: 7
[  459.158326] NVRM: Xid (PCI:0000:01:00): 8, pid=3211, name=viewperf, Channel 00000005
[  463.220985] NVRM: rpcRmApiAlloc_GSP: GspRmAlloc failed: hClient=0xc1d00026; hParent=0xcef80000; hObject=0xbeef0100; hClass=0x0000ca6f; paramsSize=0x00000170; paramsStatus=0x00000062; status=0x00000062
[  463.220987] NVRM: nvAssertOkFailedNoLog: Assertion failed: Reset required [NV_ERR_RESET_REQUIRED] (0x00000062) returned from status @ kernel_channel.c:2874
[  463.220992] NVRM: nvAssertOkFailedNoLog: Assertion failed: Reset required [NV_ERR_RESET_REQUIRED] (0x00000062) returned from _kchannelSendChannelAllocRpc(pKernelChannel, pChannelGpfifoParams, pKernelChannelGroup, bFullSriov) @ kernel_channel.c:936
[  463.233666] NVRM: rpcRmApiAlloc_GSP: GspRmAlloc failed: hClient=0xc1d00026; hParent=0xcef80000; hObject=0xbeef0100; hClass=0x0000ca6f; paramsSize=0x00000170; paramsStatus=0x00000062; status=0x00000062
[  463.233668] NVRM: nvAssertOkFailedNoLog: Assertion failed: Reset required [NV_ERR_RESET_REQUIRED] (0x00000062) returned from status @ kernel_channel.c:2874
[  463.233673] NVRM: nvAssertOkFailedNoLog: Assertion failed: Reset required [NV_ERR_RESET_REQUIRED] (0x00000062) returned from _kchannelSendChannelAllocRpc(pKernelChannel, pChannelGpfifoParams, pKernelChannelGroup, bFullSriov) @ kernel_channel.c:936
[  470.512007] NVRM: krcWatchdog_IMPL: RC watchdog: GPU is probably locked!  Notify Timeout Seconds: 7
[  472.511887] NVRM: os_schedule: Attempted to yield the CPU while in atomic or interrupt context
[  474.511808] NVRM: os_schedule: Attempted to yield the CPU while in atomic or interrupt context
[  474.516657] NVRM: Xid (PCI:0000:01:00): 8, pid=0, name=swapper/11, Channel 00000004
[  485.807452] NVRM: krcWatchdog_IMPL: RC watchdog: GPU is probably locked!  Notify Timeout Seconds: 7
[  493.999085] NVRM: krcWatchdog_IMPL: RC watchdog: GPU is probably locked!  Notify Timeout Seconds: 7
[  502.190758] NVRM: krcWatchdog_IMPL: RC watchdog: GPU is probably locked!  Notify Timeout Seconds: 7
[  510.382466] NVRM: krcWatchdog_IMPL: RC watchdog: GPU is probably locked!  Notify Timeout Seconds: 7
[  518.574138] NVRM: krcWatchdog_IMPL: RC watchdog: GPU is probably locked!  Notify Timeout Seconds: 7
[  526.438470] NVRM: rpcRmApiAlloc_GSP: GspRmAlloc failed: hClient=0xc1d00019; hParent=0xcef80000; hObject=0xbeef0100; hClass=0x0000ca6f; paramsSize=0x00000170; paramsStatus=0x00000062; status=0x00000062
[  526.438473] NVRM: nvAssertOkFailedNoLog: Assertion failed: Reset required [NV_ERR_RESET_REQUIRED] (0x00000062) returned from status @ kernel_channel.c:2874
[  526.438478] NVRM: nvAssertOkFailedNoLog: Assertion failed: Reset required [NV_ERR_RESET_REQUIRED] (0x00000062) returned from _kchannelSendChannelAllocRpc(pKernelChannel, pChannelGpfifoParams, pKernelChannelGroup, bFullSriov) @ kernel_channel.c:936
[  526.452209] NVRM: rpcRmApiAlloc_GSP: GspRmAlloc failed: hClient=0xc1d00019; hParent=0xcef80000; hObject=0xbeef0100; hClass=0x0000ca6f; paramsSize=0x00000170; paramsStatus=0x00000062; status=0x00000062
[  526.452211] NVRM: nvAssertOkFailedNoLog: Assertion failed: Reset required [NV_ERR_RESET_REQUIRED] (0x00000062) returned from status @ kernel_channel.c:2874
[  526.452215] NVRM: nvAssertOkFailedNoLog: Assertion failed: Reset required [NV_ERR_RESET_REQUIRED] (0x00000062) returned from _kchannelSendChannelAllocRpc(pKernelChannel, pChannelGpfifoParams, pKernelChannelGroup, bFullSriov) @ kernel_channel.c:936
[  526.765757] NVRM: krcWatchdog_IMPL: RC watchdog: GPU is probably locked!  Notify Timeout Seconds: 7
[  527.839635] NVRM: rpcRmApiAlloc_GSP: GspRmAlloc failed: hClient=0xc1d000ba; hParent=0xcef80000; hObject=0xbeef0100; hClass=0x0000ca6f; paramsSize=0x00000170; paramsStatus=0x00000062; status=0x00000062
[  527.839638] NVRM: nvAssertOkFailedNoLog: Assertion failed: Reset required [NV_ERR_RESET_REQUIRED] (0x00000062) returned from status @ kernel_channel.c:2874
[  527.839643] NVRM: nvAssertOkFailedNoLog: Assertion failed: Reset required [NV_ERR_RESET_REQUIRED] (0x00000062) returned from _kchannelSendChannelAllocRpc(pKernelChannel, pChannelGpfifoParams, pKernelChannelGroup, bFullSriov) @ kernel_channel.c:936
[  527.860857] NVRM: rpcRmApiAlloc_GSP: GspRmAlloc failed: hClient=0xc1d000ba; hParent=0xcef80000; hObject=0xbeef0100; hClass=0x0000ca6f; paramsSize=0x00000170; paramsStatus=0x00000062; status=0x00000062
[  527.860859] NVRM: nvAssertOkFailedNoLog: Assertion failed: Reset required [NV_ERR_RESET_REQUIRED] (0x00000062) returned from status @ kernel_channel.c:2874
[  527.860864] NVRM: nvAssertOkFailedNoLog: Assertion failed: Reset required [NV_ERR_RESET_REQUIRED] (0x00000062) returned from _kchannelSendChannelAllocRpc(pKernelChannel, pChannelGpfifoParams, pKernelChannelGroup, bFullSriov) @ kernel_channel.c:936
[  529.104304] NVRM: rpcRmApiAlloc_GSP: GspRmAlloc failed: hClient=0xc1d000bd; hParent=0xcef80000; hObject=0xbeef0100; hClass=0x0000ca6f; paramsSize=0x00000170; paramsStatus=0x00000062; status=0x00000062
[  529.104307] NVRM: nvAssertOkFailedNoLog: Assertion failed: Reset required [NV_ERR_RESET_REQUIRED] (0x00000062) returned from status @ kernel_channel.c:2874
[  529.104312] NVRM: nvAssertOkFailedNoLog: Assertion failed: Reset required [NV_ERR_RESET_REQUIRED] (0x00000062) returned from _kchannelSendChannelAllocRpc(pKernelChannel, pChannelGpfifoParams, pKernelChannelGroup, bFullSriov) @ kernel_channel.c:936
[  529.118540] NVRM: rpcRmApiAlloc_GSP: GspRmAlloc failed: hClient=0xc1d000bd; hParent=0xcef80000; hObject=0xbeef0100; hClass=0x0000ca6f; paramsSize=0x00000170; paramsStatus=0x00000062; status=0x00000062
[  529.118542] NVRM: nvAssertOkFailedNoLog: Assertion failed: Reset required [NV_ERR_RESET_REQUIRED] (0x00000062) returned from status @ kernel_channel.c:2874
[  529.118546] NVRM: nvAssertOkFailedNoLog: Assertion failed: Reset required [NV_ERR_RESET_REQUIRED] (0x00000062) returned from _kchannelSendChannelAllocRpc(pKernelChannel, pChannelGpfifoParams, pKernelChannelGroup, bFullSriov) @ kernel_channel.c:936
[  531.083437] NVRM: rpcRmApiAlloc_GSP: GspRmAlloc failed: hClient=0xc1d000c0; hParent=0xcef80000; hObject=0xbeef0100; hClass=0x0000ca6f; paramsSize=0x00000170; paramsStatus=0x00000062; status=0x00000062
[  531.083440] NVRM: nvAssertOkFailedNoLog: Assertion failed: Reset required [NV_ERR_RESET_REQUIRED] (0x00000062) returned from status @ kernel_channel.c:2874
[  531.083445] NVRM: nvAssertOkFailedNoLog: Assertion failed: Reset required [NV_ERR_RESET_REQUIRED] (0x00000062) returned from _kchannelSendChannelAllocRpc(pKernelChannel, pChannelGpfifoParams, pKernelChannelGroup, bFullSriov) @ kernel_channel.c:936
[  531.096329] NVRM: rpcRmApiAlloc_GSP: GspRmAlloc failed: hClient=0xc1d000c0; hParent=0xcef80000; hObject=0xbeef0100; hClass=0x0000ca6f; paramsSize=0x00000170; paramsStatus=0x00000062; status=0x00000062
[  531.096331] NVRM: nvAssertOkFailedNoLog: Assertion failed: Reset required [NV_ERR_RESET_REQUIRED] (0x00000062) returned from status @ kernel_channel.c:2874
[  531.096335] NVRM: nvAssertOkFailedNoLog: Assertion failed: Reset required [NV_ERR_RESET_REQUIRED] (0x00000062) returned from _kchannelSendChannelAllocRpc(pKernelChannel, pChannelGpfifoParams, pKernelChannelGroup, bFullSriov) @ kernel_channel.c:936
[  532.299020] NVRM: rpcRmApiAlloc_GSP: GspRmAlloc failed: hClient=0xc1d000c3; hParent=0xcef80000; hObject=0xbeef0100; hClass=0x0000ca6f; paramsSize=0x00000170; paramsStatus=0x00000062; status=0x00000062
[  532.299023] NVRM: nvAssertOkFailedNoLog: Assertion failed: Reset required [NV_ERR_RESET_REQUIRED] (0x00000062) returned from status @ kernel_channel.c:2874
[  532.299027] NVRM: nvAssertOkFailedNoLog: Assertion failed: Reset required [NV_ERR_RESET_REQUIRED] (0x00000062) returned from _kchannelSendChannelAllocRpc(pKernelChannel, pChannelGpfifoParams, pKernelChannelGroup, bFullSriov) @ kernel_channel.c:936
[  532.311844] NVRM: rpcRmApiAlloc_GSP: GspRmAlloc failed: hClient=0xc1d000c3; hParent=0xcef80000; hObject=0xbeef0100; hClass=0x0000ca6f; paramsSize=0x00000170; paramsStatus=0x00000062; status=0x00000062
[  532.311846] NVRM: nvAssertOkFailedNoLog: Assertion failed: Reset required [NV_ERR_RESET_REQUIRED] (0x00000062) returned from status @ kernel_channel.c:2874
[  532.311851] NVRM: nvAssertOkFailedNoLog: Assertion failed: Reset required [NV_ERR_RESET_REQUIRED] (0x00000062) returned from _kchannelSendChannelAllocRpc(pKernelChannel, pChannelGpfifoParams, pKernelChannelGroup, bFullSriov) @ kernel_channel.c:936
[  534.957577] NVRM: krcWatchdog_IMPL: RC watchdog: GPU is probably locked!  Notify Timeout Seconds: 7
[  536.957435] NVRM: os_schedule: Attempted to yield the CPU while in atomic or interrupt context
[  538.957372] NVRM: os_schedule: Attempted to yield the CPU while in atomic or interrupt context
[  538.962338] NVRM: Xid (PCI:0000:01:00): 8, pid=0, name=swapper/11, Channel 00000002
[  543.126937] NVRM: rpcRmApiAlloc_GSP: GspRmAlloc failed: hClient=0xc1d0000c; hParent=0x01000001; hObject=0x01000014; hClass=0x0000ca6f; paramsSize=0x00000170; paramsStatus=0x00000062; status=0x00000062
[  543.126940] NVRM: nvAssertOkFailedNoLog: Assertion failed: Reset required [NV_ERR_RESET_REQUIRED] (0x00000062) returned from status @ kernel_channel.c:2874
[  543.126944] NVRM: nvAssertOkFailedNoLog: Assertion failed: Reset required [NV_ERR_RESET_REQUIRED] (0x00000062) returned from _kchannelSendChannelAllocRpc(pKernelChannel, pChannelGpfifoParams, pKernelChannelGroup, bFullSriov) @ kernel_channel.c:936
[  544.281067] NVRM: rpcRmApiAlloc_GSP: GspRmAlloc failed: hClient=0xc1d000c6; hParent=0x01000001; hObject=0x01000014; hClass=0x0000ca6f; paramsSize=0x00000170; paramsStatus=0x00000062; status=0x00000062
[  544.281070] NVRM: nvAssertOkFailedNoLog: Assertion failed: Reset required [NV_ERR_RESET_REQUIRED] (0x00000062) returned from status @ kernel_channel.c:2874
[  544.281074] NVRM: nvAssertOkFailedNoLog: Assertion failed: Reset required [NV_ERR_RESET_REQUIRED] (0x00000062) returned from _kchannelSendChannelAllocRpc(pKernelChannel, pChannelGpfifoParams, pKernelChannelGroup, bFullSriov) @ kernel_channel.c:936
[  550.253066] NVRM: krcWatchdog_IMPL: RC watchdog: GPU is probably locked!  Notify Timeout Seconds: 7
[  555.347391] NVRM: rpcRmApiAlloc_GSP: GspRmAlloc failed: hClient=0xc1d000c8; hParent=0x01000001; hObject=0x01000014; hClass=0x0000ca6f; paramsSize=0x00000170; paramsStatus=0x00000062; status=0x00000062
[  555.347394] NVRM: nvAssertOkFailedNoLog: Assertion failed: Reset required [NV_ERR_RESET_REQUIRED] (0x00000062) returned from status @ kernel_channel.c:2874
[  555.347399] NVRM: nvAssertOkFailedNoLog: Assertion failed: Reset required [NV_ERR_RESET_REQUIRED] (0x00000062) returned from _kchannelSendChannelAllocRpc(pKernelChannel, pChannelGpfifoParams, pKernelChannelGroup, bFullSriov) @ kernel_channel.c:936
[  555.835019] NVRM: rpcRmApiAlloc_GSP: GspRmAlloc failed: hClient=0xc1d000ca; hParent=0x01000001; hObject=0x01000014; hClass=0x0000ca6f; paramsSize=0x00000170; paramsStatus=0x00000062; status=0x00000062
[  555.835021] NVRM: nvAssertOkFailedNoLog: Assertion failed: Reset required [NV_ERR_RESET_REQUIRED] (0x00000062) returned from status @ kernel_channel.c:2874
[  555.835026] NVRM: nvAssertOkFailedNoLog: Assertion failed: Reset required [NV_ERR_RESET_REQUIRED] (0x00000062) returned from _kchannelSendChannelAllocRpc(pKernelChannel, pChannelGpfifoParams, pKernelChannelGroup, bFullSriov) @ kernel_channel.c:936
[  556.327432] NVRM: rpcRmApiAlloc_GSP: GspRmAlloc failed: hClient=0xc1d000cc; hParent=0x01000001; hObject=0x01000014; hClass=0x0000ca6f; paramsSize=0x00000170; paramsStatus=0x00000062; status=0x00000062
[  556.327435] NVRM: nvAssertOkFailedNoLog: Assertion failed: Reset required [NV_ERR_RESET_REQUIRED] (0x00000062) returned from status @ kernel_channel.c:2874
[  556.327439] NVRM: nvAssertOkFailedNoLog: Assertion failed: Reset required [NV_ERR_RESET_REQUIRED] (0x00000062) returned from _kchannelSendChannelAllocRpc(pKernelChannel, pChannelGpfifoParams, pKernelChannelGroup, bFullSriov) @ kernel_channel.c:936
[  556.819047] NVRM: rpcRmApiAlloc_GSP: GspRmAlloc failed: hClient=0xc1d000ce; hParent=0x01000001; hObject=0x01000014; hClass=0x0000ca6f; paramsSize=0x00000170; paramsStatus=0x00000062; status=0x00000062
[  556.819050] NVRM: nvAssertOkFailedNoLog: Assertion failed: Reset required [NV_ERR_RESET_REQUIRED] (0x00000062) returned from status @ kernel_channel.c:2874
[  556.819054] NVRM: nvAssertOkFailedNoLog: Assertion failed: Reset required [NV_ERR_RESET_REQUIRED] (0x00000062) returned from _kchannelSendChannelAllocRpc(pKernelChannel, pChannelGpfifoParams, pKernelChannelGroup, bFullSriov) @ kernel_channel.c:936
[  557.307560] NVRM: rpcRmApiAlloc_GSP: GspRmAlloc failed: hClient=0xc1d000d0; hParent=0x01000001; hObject=0x01000014; hClass=0x0000ca6f; paramsSize=0x00000170; paramsStatus=0x00000062; status=0x00000062
[  557.307563] NVRM: nvAssertOkFailedNoLog: Assertion failed: Reset required [NV_ERR_RESET_REQUIRED] (0x00000062) returned from status @ kernel_channel.c:2874
[  557.307568] NVRM: nvAssertOkFailedNoLog: Assertion failed: Reset required [NV_ERR_RESET_REQUIRED] (0x00000062) returned from _kchannelSendChannelAllocRpc(pKernelChannel, pChannelGpfifoParams, pKernelChannelGroup, bFullSriov) @ kernel_channel.c:936
[  558.444769] NVRM: krcWatchdog_IMPL: RC watchdog: GPU is probably locked!  Notify Timeout Seconds: 7
[  566.636501] NVRM: krcWatchdog_IMPL: RC watchdog: GPU is probably locked!  Notify Timeout Seconds: 7
[  574.828220] NVRM: krcWatchdog_IMPL: RC watchdog: GPU is probably locked!  Notify Timeout Seconds: 7
[  583.019944] NVRM: krcWatchdog_IMPL: RC watchdog: GPU is probably locked!  Notify Timeout Seconds: 7
[  591.211693] NVRM: krcWatchdog_IMPL: RC watchdog: GPU is probably locked!  Notify Timeout Seconds: 7
[  599.403446] NVRM: krcWatchdog_IMPL: RC watchdog: GPU is probably locked!  Notify Timeout Seconds: 7
[  607.595159] NVRM: krcWatchdog_IMPL: RC watchdog: GPU is probably locked!  Notify Timeout Seconds: 7
[  615.786886] NVRM: krcWatchdog_IMPL: RC watchdog: GPU is probably locked!  Notify Timeout Seconds: 7
